<?xml version="1.0" encoding="UTF-8"?>
<testsuite name="de.tudresden.inf.st.most.JastaddTest" tests="4" skipped="0" failures="3" errors="0" timestamp="2019-04-15T17:00:20" hostname="SUbuntu" time="0.545">
  <properties/>
  <testcase name="testTask0" classname="de.tudresden.inf.st.most.JastaddTest" time="0.51"/>
  <testcase name="testTask1" classname="de.tudresden.inf.st.most.JastaddTest" time="0.014">
    <failure message="de.tudresden.inf.st.most.deserializer.ASTNodeDeserializer$DeserializationException: Unable to find class of type MinusExp in package de.tudresden.inf.st.most.jastadd.ast" type="de.tudresden.inf.st.most.deserializer.ASTNodeDeserializer$DeserializationException">de.tudresden.inf.st.most.deserializer.ASTNodeDeserializer$DeserializationException: Unable to find class of type MinusExp in package de.tudresden.inf.st.most.jastadd.ast
	at de.tudresden.inf.st.most.deserializer.ASTNodeDeserializer.deserializeNonterminal(ASTNodeDeserializer.java:117)
	at de.tudresden.inf.st.most.deserializer.ASTNodeDeserializer.deserializeObject(ASTNodeDeserializer.java:90)
	at de.tudresden.inf.st.most.deserializer.ASTNodeDeserializer.deserializeNonterminal(ASTNodeDeserializer.java:134)
	at de.tudresden.inf.st.most.deserializer.ASTNodeDeserializer.deserializeObject(ASTNodeDeserializer.java:90)
	at de.tudresden.inf.st.most.deserializer.ASTNodeDeserializer.deserialize(ASTNodeDeserializer.java:82)
	at de.tudresden.inf.st.most.deserializer.ASTNodeDeserializer.deserialize(ASTNodeDeserializer.java:24)
	at com.fasterxml.jackson.databind.ObjectMapper._readMapAndClose(ObjectMapper.java:3814)
	at com.fasterxml.jackson.databind.ObjectMapper.readValue(ObjectMapper.java:2756)
	at de.tudresden.inf.st.most.deserializer.ASTNodeDeserializer.read(ASTNodeDeserializer.java:54)
	at de.tudresden.inf.st.most.ExerciseMain.load(ExerciseMain.java:43)
	at de.tudresden.inf.st.most.JastaddTest.testTask1(JastaddTest.java:35)
	at sun.reflect.NativeMethodAccessorImpl.invoke0(Native Method)
	at sun.reflect.NativeMethodAccessorImpl.invoke(NativeMethodAccessorImpl.java:62)
	at sun.reflect.DelegatingMethodAccessorImpl.invoke(DelegatingMethodAccessorImpl.java:43)
	at java.lang.reflect.Method.invoke(Method.java:498)
	at org.junit.runners.model.FrameworkMethod$1.runReflectiveCall(FrameworkMethod.java:50)
	at org.junit.internal.runners.model.ReflectiveCallable.run(ReflectiveCallable.java:12)
	at org.junit.runners.model.FrameworkMethod.invokeExplosively(FrameworkMethod.java:47)
	at org.junit.internal.runners.statements.InvokeMethod.evaluate(InvokeMethod.java:17)
	at org.junit.runners.ParentRunner.runLeaf(ParentRunner.java:325)
	at org.junit.runners.BlockJUnit4ClassRunner.runChild(BlockJUnit4ClassRunner.java:78)
	at org.junit.runners.BlockJUnit4ClassRunner.runChild(BlockJUnit4ClassRunner.java:57)
	at org.junit.runners.ParentRunner$3.run(ParentRunner.java:290)
	at org.junit.runners.ParentRunner$1.schedule(ParentRunner.java:71)
	at org.junit.runners.ParentRunner.runChildren(ParentRunner.java:288)
	at org.junit.runners.ParentRunner.access$000(ParentRunner.java:58)
	at org.junit.runners.ParentRunner$2.evaluate(ParentRunner.java:268)
	at org.junit.runners.ParentRunner.run(ParentRunner.java:363)
	at org.gradle.api.internal.tasks.testing.junit.JUnitTestClassExecuter.runTestClass(JUnitTestClassExecuter.java:114)
	at org.gradle.api.internal.tasks.testing.junit.JUnitTestClassExecuter.execute(JUnitTestClassExecuter.java:57)
	at org.gradle.api.internal.tasks.testing.junit.JUnitTestClassProcessor.processTestClass(JUnitTestClassProcessor.java:66)
	at org.gradle.api.internal.tasks.testing.SuiteTestClassProcessor.processTestClass(SuiteTestClassProcessor.java:51)
	at sun.reflect.NativeMethodAccessorImpl.invoke0(Native Method)
	at sun.reflect.NativeMethodAccessorImpl.invoke(NativeMethodAccessorImpl.java:62)
	at sun.reflect.DelegatingMethodAccessorImpl.invoke(DelegatingMethodAccessorImpl.java:43)
	at java.lang.reflect.Method.invoke(Method.java:498)
	at org.gradle.internal.dispatch.ReflectionDispatch.dispatch(ReflectionDispatch.java:35)
	at org.gradle.internal.dispatch.ReflectionDispatch.dispatch(ReflectionDispatch.java:24)
	at org.gradle.internal.dispatch.ContextClassLoaderDispatch.dispatch(ContextClassLoaderDispatch.java:32)
	at org.gradle.internal.dispatch.ProxyDispatchAdapter$DispatchingInvocationHandler.invoke(ProxyDispatchAdapter.java:93)
	at com.sun.proxy.$Proxy3.processTestClass(Unknown Source)
	at org.gradle.api.internal.tasks.testing.worker.TestWorker.processTestClass(TestWorker.java:109)
	at sun.reflect.NativeMethodAccessorImpl.invoke0(Native Method)
	at sun.reflect.NativeMethodAccessorImpl.invoke(NativeMethodAccessorImpl.java:62)
	at sun.reflect.DelegatingMethodAccessorImpl.invoke(DelegatingMethodAccessorImpl.java:43)
	at java.lang.reflect.Method.invoke(Method.java:498)
	at org.gradle.internal.dispatch.ReflectionDispatch.dispatch(ReflectionDispatch.java:35)
	at org.gradle.internal.dispatch.ReflectionDispatch.dispatch(ReflectionDispatch.java:24)
	at org.gradle.internal.remote.internal.hub.MessageHub$Handler.run(MessageHub.java:377)
	at org.gradle.internal.concurrent.ExecutorPolicy$CatchAndRecordFailures.onExecute(ExecutorPolicy.java:54)
	at org.gradle.internal.concurrent.StoppableExecutorImpl$1.run(StoppableExecutorImpl.java:40)
	at java.util.concurrent.ThreadPoolExecutor.runWorker(ThreadPoolExecutor.java:1149)
	at java.util.concurrent.ThreadPoolExecutor$Worker.run(ThreadPoolExecutor.java:624)
	at java.lang.Thread.run(Thread.java:748)
Caused by: java.lang.ClassNotFoundException: de.tudresden.inf.st.most.jastadd.ast.MinusExp
	at java.net.URLClassLoader.findClass(URLClassLoader.java:381)
	at java.lang.ClassLoader.loadClass(ClassLoader.java:424)
	at sun.misc.Launcher$AppClassLoader.loadClass(Launcher.java:338)
	at java.lang.ClassLoader.loadClass(ClassLoader.java:357)
	at java.lang.Class.forName0(Native Method)
	at java.lang.Class.forName(Class.java:264)
	at de.tudresden.inf.st.most.deserializer.ASTNodeDeserializer.deserializeNonterminal(ASTNodeDeserializer.java:115)
	... 53 more
</failure>
  </testcase>
  <testcase name="testTask2" classname="de.tudresden.inf.st.most.JastaddTest" time="0.012">
    <failure message="de.tudresden.inf.st.most.deserializer.ASTNodeDeserializer$DeserializationException: Unable to find class of type UnaryMinusExp in package de.tudresden.inf.st.most.jastadd.ast" type="de.tudresden.inf.st.most.deserializer.ASTNodeDeserializer$DeserializationException">de.tudresden.inf.st.most.deserializer.ASTNodeDeserializer$DeserializationException: Unable to find class of type UnaryMinusExp in package de.tudresden.inf.st.most.jastadd.ast
	at de.tudresden.inf.st.most.deserializer.ASTNodeDeserializer.deserializeNonterminal(ASTNodeDeserializer.java:117)
	at de.tudresden.inf.st.most.deserializer.ASTNodeDeserializer.deserializeObject(ASTNodeDeserializer.java:90)
	at de.tudresden.inf.st.most.deserializer.ASTNodeDeserializer.deserializeNonterminal(ASTNodeDeserializer.java:134)
	at de.tudresden.inf.st.most.deserializer.ASTNodeDeserializer.deserializeObject(ASTNodeDeserializer.java:90)
	at de.tudresden.inf.st.most.deserializer.ASTNodeDeserializer.deserializeNonterminal(ASTNodeDeserializer.java:134)
	at de.tudresden.inf.st.most.deserializer.ASTNodeDeserializer.deserializeObject(ASTNodeDeserializer.java:90)
	at de.tudresden.inf.st.most.deserializer.ASTNodeDeserializer.deserializeNonterminal(ASTNodeDeserializer.java:134)
	at de.tudresden.inf.st.most.deserializer.ASTNodeDeserializer.deserializeObject(ASTNodeDeserializer.java:90)
	at de.tudresden.inf.st.most.deserializer.ASTNodeDeserializer.deserializeNonterminal(ASTNodeDeserializer.java:134)
	at de.tudresden.inf.st.most.deserializer.ASTNodeDeserializer.deserializeObject(ASTNodeDeserializer.java:90)
	at de.tudresden.inf.st.most.deserializer.ASTNodeDeserializer.deserialize(ASTNodeDeserializer.java:82)
	at de.tudresden.inf.st.most.deserializer.ASTNodeDeserializer.deserialize(ASTNodeDeserializer.java:24)
	at com.fasterxml.jackson.databind.ObjectMapper._readMapAndClose(ObjectMapper.java:3814)
	at com.fasterxml.jackson.databind.ObjectMapper.readValue(ObjectMapper.java:2756)
	at de.tudresden.inf.st.most.deserializer.ASTNodeDeserializer.read(ASTNodeDeserializer.java:54)
	at de.tudresden.inf.st.most.ExerciseMain.load(ExerciseMain.java:43)
	at de.tudresden.inf.st.most.JastaddTest.testTask2(JastaddTest.java:54)
	at sun.reflect.NativeMethodAccessorImpl.invoke0(Native Method)
	at sun.reflect.NativeMethodAccessorImpl.invoke(NativeMethodAccessorImpl.java:62)
	at sun.reflect.DelegatingMethodAccessorImpl.invoke(DelegatingMethodAccessorImpl.java:43)
	at java.lang.reflect.Method.invoke(Method.java:498)
	at org.junit.runners.model.FrameworkMethod$1.runReflectiveCall(FrameworkMethod.java:50)
	at org.junit.internal.runners.model.ReflectiveCallable.run(ReflectiveCallable.java:12)
	at org.junit.runners.model.FrameworkMethod.invokeExplosively(FrameworkMethod.java:47)
	at org.junit.internal.runners.statements.InvokeMethod.evaluate(InvokeMethod.java:17)
	at org.junit.runners.ParentRunner.runLeaf(ParentRunner.java:325)
	at org.junit.runners.BlockJUnit4ClassRunner.runChild(BlockJUnit4ClassRunner.java:78)
	at org.junit.runners.BlockJUnit4ClassRunner.runChild(BlockJUnit4ClassRunner.java:57)
	at org.junit.runners.ParentRunner$3.run(ParentRunner.java:290)
	at org.junit.runners.ParentRunner$1.schedule(ParentRunner.java:71)
	at org.junit.runners.ParentRunner.runChildren(ParentRunner.java:288)
	at org.junit.runners.ParentRunner.access$000(ParentRunner.java:58)
	at org.junit.runners.ParentRunner$2.evaluate(ParentRunner.java:268)
	at org.junit.runners.ParentRunner.run(ParentRunner.java:363)
	at org.gradle.api.internal.tasks.testing.junit.JUnitTestClassExecuter.runTestClass(JUnitTestClassExecuter.java:114)
	at org.gradle.api.internal.tasks.testing.junit.JUnitTestClassExecuter.execute(JUnitTestClassExecuter.java:57)
	at org.gradle.api.internal.tasks.testing.junit.JUnitTestClassProcessor.processTestClass(JUnitTestClassProcessor.java:66)
	at org.gradle.api.internal.tasks.testing.SuiteTestClassProcessor.processTestClass(SuiteTestClassProcessor.java:51)
	at sun.reflect.NativeMethodAccessorImpl.invoke0(Native Method)
	at sun.reflect.NativeMethodAccessorImpl.invoke(NativeMethodAccessorImpl.java:62)
	at sun.reflect.DelegatingMethodAccessorImpl.invoke(DelegatingMethodAccessorImpl.java:43)
	at java.lang.reflect.Method.invoke(Method.java:498)
	at org.gradle.internal.dispatch.ReflectionDispatch.dispatch(ReflectionDispatch.java:35)
	at org.gradle.internal.dispatch.ReflectionDispatch.dispatch(ReflectionDispatch.java:24)
	at org.gradle.internal.dispatch.ContextClassLoaderDispatch.dispatch(ContextClassLoaderDispatch.java:32)
	at org.gradle.internal.dispatch.ProxyDispatchAdapter$DispatchingInvocationHandler.invoke(ProxyDispatchAdapter.java:93)
	at com.sun.proxy.$Proxy3.processTestClass(Unknown Source)
	at org.gradle.api.internal.tasks.testing.worker.TestWorker.processTestClass(TestWorker.java:109)
	at sun.reflect.NativeMethodAccessorImpl.invoke0(Native Method)
	at sun.reflect.NativeMethodAccessorImpl.invoke(NativeMethodAccessorImpl.java:62)
	at sun.reflect.DelegatingMethodAccessorImpl.invoke(DelegatingMethodAccessorImpl.java:43)
	at java.lang.reflect.Method.invoke(Method.java:498)
	at org.gradle.internal.dispatch.ReflectionDispatch.dispatch(ReflectionDispatch.java:35)
	at org.gradle.internal.dispatch.ReflectionDispatch.dispatch(ReflectionDispatch.java:24)
	at org.gradle.internal.remote.internal.hub.MessageHub$Handler.run(MessageHub.java:377)
	at org.gradle.internal.concurrent.ExecutorPolicy$CatchAndRecordFailures.onExecute(ExecutorPolicy.java:54)
	at org.gradle.internal.concurrent.StoppableExecutorImpl$1.run(StoppableExecutorImpl.java:40)
	at java.util.concurrent.ThreadPoolExecutor.runWorker(ThreadPoolExecutor.java:1149)
	at java.util.concurrent.ThreadPoolExecutor$Worker.run(ThreadPoolExecutor.java:624)
	at java.lang.Thread.run(Thread.java:748)
Caused by: java.lang.ClassNotFoundException: de.tudresden.inf.st.most.jastadd.ast.UnaryMinusExp
	at java.net.URLClassLoader.findClass(URLClassLoader.java:381)
	at java.lang.ClassLoader.loadClass(ClassLoader.java:424)
	at sun.misc.Launcher$AppClassLoader.loadClass(Launcher.java:338)
	at java.lang.ClassLoader.loadClass(ClassLoader.java:357)
	at java.lang.Class.forName0(Native Method)
	at java.lang.Class.forName(Class.java:264)
	at de.tudresden.inf.st.most.deserializer.ASTNodeDeserializer.deserializeNonterminal(ASTNodeDeserializer.java:115)
	... 59 more
</failure>
  </testcase>
  <testcase name="testTask3" classname="de.tudresden.inf.st.most.JastaddTest" time="0.009">
    <failure message="de.tudresden.inf.st.most.deserializer.ASTNodeDeserializer$DeserializationException: Unable to find class of type UnaryMinusExp in package de.tudresden.inf.st.most.jastadd.ast" type="de.tudresden.inf.st.most.deserializer.ASTNodeDeserializer$DeserializationException">de.tudresden.inf.st.most.deserializer.ASTNodeDeserializer$DeserializationException: Unable to find class of type UnaryMinusExp in package de.tudresden.inf.st.most.jastadd.ast
	at de.tudresden.inf.st.most.deserializer.ASTNodeDeserializer.deserializeNonterminal(ASTNodeDeserializer.java:117)
	at de.tudresden.inf.st.most.deserializer.ASTNodeDeserializer.deserializeObject(ASTNodeDeserializer.java:90)
	at de.tudresden.inf.st.most.deserializer.ASTNodeDeserializer.deserializeNonterminal(ASTNodeDeserializer.java:134)
	at de.tudresden.inf.st.most.deserializer.ASTNodeDeserializer.deserializeObject(ASTNodeDeserializer.java:90)
	at de.tudresden.inf.st.most.deserializer.ASTNodeDeserializer.deserializeNonterminal(ASTNodeDeserializer.java:134)
	at de.tudresden.inf.st.most.deserializer.ASTNodeDeserializer.deserializeObject(ASTNodeDeserializer.java:90)
	at de.tudresden.inf.st.most.deserializer.ASTNodeDeserializer.deserializeNonterminal(ASTNodeDeserializer.java:134)
	at de.tudresden.inf.st.most.deserializer.ASTNodeDeserializer.deserializeObject(ASTNodeDeserializer.java:90)
	at de.tudresden.inf.st.most.deserializer.ASTNodeDeserializer.deserializeNonterminal(ASTNodeDeserializer.java:134)
	at de.tudresden.inf.st.most.deserializer.ASTNodeDeserializer.deserializeObject(ASTNodeDeserializer.java:90)
	at de.tudresden.inf.st.most.deserializer.ASTNodeDeserializer.deserialize(ASTNodeDeserializer.java:82)
	at de.tudresden.inf.st.most.deserializer.ASTNodeDeserializer.deserialize(ASTNodeDeserializer.java:24)
	at com.fasterxml.jackson.databind.ObjectMapper._readMapAndClose(ObjectMapper.java:3814)
	at com.fasterxml.jackson.databind.ObjectMapper.readValue(ObjectMapper.java:2756)
	at de.tudresden.inf.st.most.deserializer.ASTNodeDeserializer.read(ASTNodeDeserializer.java:54)
	at de.tudresden.inf.st.most.ExerciseMain.load(ExerciseMain.java:43)
	at de.tudresden.inf.st.most.JastaddTest.testTask3(JastaddTest.java:79)
	at sun.reflect.NativeMethodAccessorImpl.invoke0(Native Method)
	at sun.reflect.NativeMethodAccessorImpl.invoke(NativeMethodAccessorImpl.java:62)
	at sun.reflect.DelegatingMethodAccessorImpl.invoke(DelegatingMethodAccessorImpl.java:43)
	at java.lang.reflect.Method.invoke(Method.java:498)
	at org.junit.runners.model.FrameworkMethod$1.runReflectiveCall(FrameworkMethod.java:50)
	at org.junit.internal.runners.model.ReflectiveCallable.run(ReflectiveCallable.java:12)
	at org.junit.runners.model.FrameworkMethod.invokeExplosively(FrameworkMethod.java:47)
	at org.junit.internal.runners.statements.InvokeMethod.evaluate(InvokeMethod.java:17)
	at org.junit.runners.ParentRunner.runLeaf(ParentRunner.java:325)
	at org.junit.runners.BlockJUnit4ClassRunner.runChild(BlockJUnit4ClassRunner.java:78)
	at org.junit.runners.BlockJUnit4ClassRunner.runChild(BlockJUnit4ClassRunner.java:57)
	at org.junit.runners.ParentRunner$3.run(ParentRunner.java:290)
	at org.junit.runners.ParentRunner$1.schedule(ParentRunner.java:71)
	at org.junit.runners.ParentRunner.runChildren(ParentRunner.java:288)
	at org.junit.runners.ParentRunner.access$000(ParentRunner.java:58)
	at org.junit.runners.ParentRunner$2.evaluate(ParentRunner.java:268)
	at org.junit.runners.ParentRunner.run(ParentRunner.java:363)
	at org.gradle.api.internal.tasks.testing.junit.JUnitTestClassExecuter.runTestClass(JUnitTestClassExecuter.java:114)
	at org.gradle.api.internal.tasks.testing.junit.JUnitTestClassExecuter.execute(JUnitTestClassExecuter.java:57)
	at org.gradle.api.internal.tasks.testing.junit.JUnitTestClassProcessor.processTestClass(JUnitTestClassProcessor.java:66)
	at org.gradle.api.internal.tasks.testing.SuiteTestClassProcessor.processTestClass(SuiteTestClassProcessor.java:51)
	at sun.reflect.NativeMethodAccessorImpl.invoke0(Native Method)
	at sun.reflect.NativeMethodAccessorImpl.invoke(NativeMethodAccessorImpl.java:62)
	at sun.reflect.DelegatingMethodAccessorImpl.invoke(DelegatingMethodAccessorImpl.java:43)
	at java.lang.reflect.Method.invoke(Method.java:498)
	at org.gradle.internal.dispatch.ReflectionDispatch.dispatch(ReflectionDispatch.java:35)
	at org.gradle.internal.dispatch.ReflectionDispatch.dispatch(ReflectionDispatch.java:24)
	at org.gradle.internal.dispatch.ContextClassLoaderDispatch.dispatch(ContextClassLoaderDispatch.java:32)
	at org.gradle.internal.dispatch.ProxyDispatchAdapter$DispatchingInvocationHandler.invoke(ProxyDispatchAdapter.java:93)
	at com.sun.proxy.$Proxy3.processTestClass(Unknown Source)
	at org.gradle.api.internal.tasks.testing.worker.TestWorker.processTestClass(TestWorker.java:109)
	at sun.reflect.NativeMethodAccessorImpl.invoke0(Native Method)
	at sun.reflect.NativeMethodAccessorImpl.invoke(NativeMethodAccessorImpl.java:62)
	at sun.reflect.DelegatingMethodAccessorImpl.invoke(DelegatingMethodAccessorImpl.java:43)
	at java.lang.reflect.Method.invoke(Method.java:498)
	at org.gradle.internal.dispatch.ReflectionDispatch.dispatch(ReflectionDispatch.java:35)
	at org.gradle.internal.dispatch.ReflectionDispatch.dispatch(ReflectionDispatch.java:24)
	at org.gradle.internal.remote.internal.hub.MessageHub$Handler.run(MessageHub.java:377)
	at org.gradle.internal.concurrent.ExecutorPolicy$CatchAndRecordFailures.onExecute(ExecutorPolicy.java:54)
	at org.gradle.internal.concurrent.StoppableExecutorImpl$1.run(StoppableExecutorImpl.java:40)
	at java.util.concurrent.ThreadPoolExecutor.runWorker(ThreadPoolExecutor.java:1149)
	at java.util.concurrent.ThreadPoolExecutor$Worker.run(ThreadPoolExecutor.java:624)
	at java.lang.Thread.run(Thread.java:748)
Caused by: java.lang.ClassNotFoundException: de.tudresden.inf.st.most.jastadd.ast.UnaryMinusExp
	at java.net.URLClassLoader.findClass(URLClassLoader.java:381)
	at java.lang.ClassLoader.loadClass(ClassLoader.java:424)
	at sun.misc.Launcher$AppClassLoader.loadClass(Launcher.java:338)
	at java.lang.ClassLoader.loadClass(ClassLoader.java:357)
	at java.lang.Class.forName0(Native Method)
	at java.lang.Class.forName(Class.java:264)
	at de.tudresden.inf.st.most.deserializer.ASTNodeDeserializer.deserializeNonterminal(ASTNodeDeserializer.java:115)
	... 59 more
</failure>
  </testcase>
  <system-out><![CDATA[Loading JSON file 'generatedBegin.json'.
Loading expression DSL file 'generatedBegin.exp'.
Loading JSON file 'generatedTask1.json'.
Loading JSON file 'generatedTask2.json'.
Loading JSON file 'generatedTask3.json'.
]]></system-out>
  <system-err><![CDATA[]]></system-err>
</testsuite>
